2021-08-30 14:15:44.261  INFO 1901 --- [main] c.h.a.c.CustomScannersServiceApplication : Starting CustomScannersServiceApplication on linux with PID 1901 (/home/yuri/.vscode/extensions/hcltechnologies.hclappscancodesweep-1.1.4/lib/custom-scanners-service-1.0.11.jar started by yuri in /home/yuri/Documents/Projets/nf2)
2021-08-30 14:15:44.267  INFO 1901 --- [main] c.h.a.c.CustomScannersServiceApplication : No active profile set, falling back to default profiles: default
2021-08-30 14:15:48.266  INFO 1901 --- [main] o.s.b.w.embedded.tomcat.TomcatWebServer  : Tomcat initialized with port(s): 9221 (http)
2021-08-30 14:15:48.295  INFO 1901 --- [main] o.apache.catalina.core.StandardService   : Starting service [Tomcat]
2021-08-30 14:15:48.296  INFO 1901 --- [main] org.apache.catalina.core.StandardEngine  : Starting Servlet engine: [Apache Tomcat/9.0.29]
2021-08-30 14:15:48.443  INFO 1901 --- [main] o.a.c.c.C.[Tomcat].[localhost].[/]       : Initializing Spring embedded WebApplicationContext
2021-08-30 14:15:48.444 DEBUG 1901 --- [main] o.s.web.context.ContextLoader            : Published root WebApplicationContext as ServletContext attribute with name [org.springframework.web.context.WebApplicationContext.ROOT]
2021-08-30 14:15:48.444  INFO 1901 --- [main] o.s.web.context.ContextLoader            : Root WebApplicationContext: initialization completed in 3991 ms
2021-08-30 14:15:48.780 DEBUG 1901 --- [main] o.s.b.w.s.ServletContextInitializerBeans : Mapping filters: filterRegistrationBean urls=[/*] order=-2147483647, characterEncodingFilter urls=[/*] order=-2147483648, formContentFilter urls=[/*] order=-9900, requestContextFilter urls=[/*] order=-105
2021-08-30 14:15:48.781 DEBUG 1901 --- [main] o.s.b.w.s.ServletContextInitializerBeans : Mapping servlets: dispatcherServlet urls=[/]
2021-08-30 14:15:51.968 DEBUG 1901 --- [main] s.w.s.m.m.a.RequestMappingHandlerMapping : 19 mappings in 'requestMappingHandlerMapping'
2021-08-30 14:15:52.070  INFO 1901 --- [main] o.s.b.a.e.web.EndpointLinksResolver      : Exposing 2 endpoint(s) beneath base path '/actuator'
2021-08-30 14:15:52.228  INFO 1901 --- [main] pertySourcedRequestMappingHandlerMapping : Mapped URL path [/v2/api-docs] onto method [springfox.documentation.swagger2.web.Swagger2Controller#getDocumentation(String, HttpServletRequest)]
2021-08-30 14:15:52.371  INFO 1901 --- [main] o.s.s.concurrent.ThreadPoolTaskExecutor  : Initializing ExecutorService 'applicationTaskExecutor'
2021-08-30 14:15:52.403 DEBUG 1901 --- [main] s.w.s.m.m.a.RequestMappingHandlerAdapter : ControllerAdvice beans: 0 @ModelAttribute, 0 @InitBinder, 1 RequestBodyAdvice, 1 ResponseBodyAdvice
2021-08-30 14:15:52.732 DEBUG 1901 --- [main] o.s.w.s.handler.SimpleUrlHandlerMapping  : Patterns [/webjars/**, /**] in 'resourceHandlerMapping'
2021-08-30 14:15:52.749 DEBUG 1901 --- [main] .m.m.a.ExceptionHandlerExceptionResolver : ControllerAdvice beans: 1 @ExceptionHandler, 1 ResponseBodyAdvice
2021-08-30 14:15:52.857  INFO 1901 --- [main] d.s.w.p.DocumentationPluginsBootstrapper : Context refreshed
2021-08-30 14:15:52.897  INFO 1901 --- [main] d.s.w.p.DocumentationPluginsBootstrapper : Found 1 custom documentation plugin(s)
2021-08-30 14:15:52.976  INFO 1901 --- [main] s.d.s.w.s.ApiListingReferenceScanner     : Scanning for api listing references
2021-08-30 14:15:53.660  INFO 1901 --- [main] o.s.b.w.embedded.tomcat.TomcatWebServer  : Tomcat started on port(s): 9221 (http) with context path ''
2021-08-30 14:15:53.669  INFO 1901 --- [main] c.h.a.c.CustomScannersServiceApplication : Started CustomScannersServiceApplication in 11.599 seconds (JVM running for 14.773)
2021-08-30 14:15:53.883  INFO 1901 --- [http-nio-9221-exec-1] o.a.c.c.C.[Tomcat].[localhost].[/]       : Initializing Spring DispatcherServlet 'dispatcherServlet'
2021-08-30 14:15:53.884  INFO 1901 --- [http-nio-9221-exec-1] o.s.web.servlet.DispatcherServlet        : Initializing Servlet 'dispatcherServlet'
2021-08-30 14:15:53.885 DEBUG 1901 --- [http-nio-9221-exec-1] o.s.web.servlet.DispatcherServlet        : Detected StandardServletMultipartResolver
2021-08-30 14:15:53.897 DEBUG 1901 --- [http-nio-9221-exec-1] o.s.web.servlet.DispatcherServlet        : enableLoggingRequestDetails='false': request parameters and headers will be masked to prevent unsafe logging of potentially sensitive data
2021-08-30 14:15:53.898  INFO 1901 --- [http-nio-9221-exec-1] o.s.web.servlet.DispatcherServlet        : Completed initialization in 13 ms
2021-08-30 14:15:53.917 DEBUG 1901 --- [http-nio-9221-exec-1] o.s.web.servlet.DispatcherServlet        : GET "/v1/scanRules", parameters={}
2021-08-30 14:15:53.930 DEBUG 1901 --- [http-nio-9221-exec-1] s.w.s.m.m.a.RequestMappingHandlerMapping : Mapped to com.hcl.appscan.customscannersservice.controller.CustomScannersController#getScanRules(String[])
2021-08-30 14:15:53.983 DEBUG 1901 --- [http-nio-9221-exec-1] o.s.w.s.m.m.a.HttpEntityMethodProcessor  : Using 'application/json', given [application/json] and supported [application/json]
2021-08-30 14:15:53.996 DEBUG 1901 --- [http-nio-9221-exec-1] o.s.w.s.m.m.a.HttpEntityMethodProcessor  : Writing [{Golang={com.ouncelabs.languagelite.golang.rules.CommMisconfig=CustomScannersServiceScanRule{ruleNam (truncated)...]
2021-08-30 14:15:54.077 DEBUG 1901 --- [http-nio-9221-exec-1] o.s.web.servlet.DispatcherServlet        : Completed 200 OK
2021-08-30 14:21:16.902 DEBUG 1901 --- [http-nio-9221-exec-2] o.s.web.servlet.DispatcherServlet        : POST "/v1/scanFile", parameters={masked}
2021-08-30 14:21:16.911 DEBUG 1901 --- [http-nio-9221-exec-2] s.w.s.m.m.a.RequestMappingHandlerMapping : Mapped to com.hcl.appscan.customscannersservice.controller.CustomScannersController#runScanFile(MultipartFile, String, int[])
2021-08-30 14:21:17.037 DEBUG 1901 --- [http-nio-9221-exec-2] o.s.w.s.m.m.a.HttpEntityMethodProcessor  : Using 'application/json', given [application/json] and supported [application/json]
2021-08-30 14:21:17.045 DEBUG 1901 --- [http-nio-9221-exec-2] o.s.w.s.m.m.a.HttpEntityMethodProcessor  : Writing [CustomScannerServiceResult{findings=[], articles={}}]
2021-08-30 14:21:17.054 DEBUG 1901 --- [http-nio-9221-exec-2] o.s.web.servlet.DispatcherServlet        : Completed 200 OK
2021-08-30 14:22:17.963 DEBUG 1901 --- [http-nio-9221-exec-3] o.s.web.servlet.DispatcherServlet        : POST "/v1/scanFile", parameters={masked}
2021-08-30 14:22:17.970 DEBUG 1901 --- [http-nio-9221-exec-3] s.w.s.m.m.a.RequestMappingHandlerMapping : Mapped to com.hcl.appscan.customscannersservice.controller.CustomScannersController#runScanFile(MultipartFile, String, int[])
2021-08-30 14:22:18.053 DEBUG 1901 --- [http-nio-9221-exec-3] o.s.w.s.m.m.a.HttpEntityMethodProcessor  : Using 'application/json', given [application/json] and supported [application/json]
2021-08-30 14:22:18.054 DEBUG 1901 --- [http-nio-9221-exec-3] o.s.w.s.m.m.a.HttpEntityMethodProcessor  : Writing [CustomScannerServiceResult{findings=[], articles={}}]
2021-08-30 14:22:18.056 DEBUG 1901 --- [http-nio-9221-exec-3] o.s.web.servlet.DispatcherServlet        : Completed 200 OK
2021-08-30 14:23:54.389 DEBUG 1901 --- [http-nio-9221-exec-4] o.s.web.servlet.DispatcherServlet        : POST "/v1/scanFile", parameters={masked}
2021-08-30 14:23:54.391 DEBUG 1901 --- [http-nio-9221-exec-4] s.w.s.m.m.a.RequestMappingHandlerMapping : Mapped to com.hcl.appscan.customscannersservice.controller.CustomScannersController#runScanFile(MultipartFile, String, int[])
2021-08-30 14:23:54.511 DEBUG 1901 --- [http-nio-9221-exec-4] o.s.w.s.m.m.a.HttpEntityMethodProcessor  : Using 'application/json', given [application/json] and supported [application/json]
2021-08-30 14:23:54.511 DEBUG 1901 --- [http-nio-9221-exec-4] o.s.w.s.m.m.a.HttpEntityMethodProcessor  : Writing [CustomScannerServiceResult{findings=[], articles={}}]
2021-08-30 14:23:54.514 DEBUG 1901 --- [http-nio-9221-exec-4] o.s.web.servlet.DispatcherServlet        : Completed 200 OK
2021-08-30 14:25:28.476 DEBUG 1901 --- [http-nio-9221-exec-5] o.s.web.servlet.DispatcherServlet        : POST "/v1/scanFile", parameters={masked}
2021-08-30 14:25:28.484 DEBUG 1901 --- [http-nio-9221-exec-5] s.w.s.m.m.a.RequestMappingHandlerMapping : Mapped to com.hcl.appscan.customscannersservice.controller.CustomScannersController#runScanFile(MultipartFile, String, int[])
2021-08-30 14:25:28.545 DEBUG 1901 --- [http-nio-9221-exec-5] o.s.w.s.m.m.a.HttpEntityMethodProcessor  : Using 'application/json', given [application/json] and supported [application/json]
2021-08-30 14:25:28.546 DEBUG 1901 --- [http-nio-9221-exec-5] o.s.w.s.m.m.a.HttpEntityMethodProcessor  : Writing [CustomScannerServiceResult{findings=[], articles={}}]
2021-08-30 14:25:28.549 DEBUG 1901 --- [http-nio-9221-exec-5] o.s.web.servlet.DispatcherServlet        : Completed 200 OK
2021-08-30 14:32:58.346 DEBUG 1901 --- [http-nio-9221-exec-6] o.s.web.servlet.DispatcherServlet        : POST "/v1/scanFile", parameters={masked}
2021-08-30 14:32:58.355 DEBUG 1901 --- [http-nio-9221-exec-6] s.w.s.m.m.a.RequestMappingHandlerMapping : Mapped to com.hcl.appscan.customscannersservice.controller.CustomScannersController#runScanFile(MultipartFile, String, int[])
2021-08-30 14:32:58.393 DEBUG 1901 --- [http-nio-9221-exec-6] o.s.w.s.m.m.a.HttpEntityMethodProcessor  : Using 'application/json', given [application/json] and supported [application/json]
2021-08-30 14:32:58.398 DEBUG 1901 --- [http-nio-9221-exec-6] o.s.w.s.m.m.a.HttpEntityMethodProcessor  : Writing [CustomScannerServiceResult{findings=[], articles={}}]
2021-08-30 14:32:58.406 DEBUG 1901 --- [http-nio-9221-exec-6] o.s.web.servlet.DispatcherServlet        : Completed 200 OK
2021-08-30 14:33:22.709 DEBUG 1901 --- [http-nio-9221-exec-7] o.s.web.servlet.DispatcherServlet        : POST "/v1/scanFile", parameters={masked}
2021-08-30 14:33:22.713 DEBUG 1901 --- [http-nio-9221-exec-7] s.w.s.m.m.a.RequestMappingHandlerMapping : Mapped to com.hcl.appscan.customscannersservice.controller.CustomScannersController#runScanFile(MultipartFile, String, int[])
2021-08-30 14:33:22.770 DEBUG 1901 --- [http-nio-9221-exec-7] o.s.w.s.m.m.a.HttpEntityMethodProcessor  : Using 'application/json', given [application/json] and supported [application/json]
2021-08-30 14:33:22.772 DEBUG 1901 --- [http-nio-9221-exec-7] o.s.w.s.m.m.a.HttpEntityMethodProcessor  : Writing [CustomScannerServiceResult{findings=[], articles={}}]
2021-08-30 14:33:22.777 DEBUG 1901 --- [http-nio-9221-exec-7] o.s.web.servlet.DispatcherServlet        : Completed 200 OK
2021-08-30 14:33:50.890 DEBUG 1901 --- [http-nio-9221-exec-8] o.s.web.servlet.DispatcherServlet        : POST "/v1/scanFile", parameters={masked}
2021-08-30 14:33:50.898 DEBUG 1901 --- [http-nio-9221-exec-8] s.w.s.m.m.a.RequestMappingHandlerMapping : Mapped to com.hcl.appscan.customscannersservice.controller.CustomScannersController#runScanFile(MultipartFile, String, int[])
2021-08-30 14:33:50.940 DEBUG 1901 --- [http-nio-9221-exec-8] o.s.w.s.m.m.a.HttpEntityMethodProcessor  : Using 'application/json', given [application/json] and supported [application/json]
2021-08-30 14:33:50.942 DEBUG 1901 --- [http-nio-9221-exec-8] o.s.w.s.m.m.a.HttpEntityMethodProcessor  : Writing [CustomScannerServiceResult{findings=[], articles={}}]
2021-08-30 14:33:50.951 DEBUG 1901 --- [http-nio-9221-exec-8] o.s.web.servlet.DispatcherServlet        : Completed 200 OK
2021-08-30 14:34:08.749 DEBUG 1901 --- [http-nio-9221-exec-9] o.s.web.servlet.DispatcherServlet        : POST "/v1/scanFile", parameters={masked}
2021-08-30 14:34:08.750 DEBUG 1901 --- [http-nio-9221-exec-9] s.w.s.m.m.a.RequestMappingHandlerMapping : Mapped to com.hcl.appscan.customscannersservice.controller.CustomScannersController#runScanFile(MultipartFile, String, int[])
2021-08-30 14:34:08.788 DEBUG 1901 --- [http-nio-9221-exec-9] o.s.w.s.m.m.a.HttpEntityMethodProcessor  : Using 'application/json', given [application/json] and supported [application/json]
2021-08-30 14:34:08.788 DEBUG 1901 --- [http-nio-9221-exec-9] o.s.w.s.m.m.a.HttpEntityMethodProcessor  : Writing [CustomScannerServiceResult{findings=[], articles={}}]
2021-08-30 14:34:08.793 DEBUG 1901 --- [http-nio-9221-exec-9] o.s.web.servlet.DispatcherServlet        : Completed 200 OK
2021-08-30 14:34:16.517 DEBUG 1901 --- [http-nio-9221-exec-10] o.s.web.servlet.DispatcherServlet        : POST "/v1/scanFile", parameters={masked}
2021-08-30 14:34:16.519 DEBUG 1901 --- [http-nio-9221-exec-10] s.w.s.m.m.a.RequestMappingHandlerMapping : Mapped to com.hcl.appscan.customscannersservice.controller.CustomScannersController#runScanFile(MultipartFile, String, int[])
2021-08-30 14:34:16.551 DEBUG 1901 --- [http-nio-9221-exec-10] o.s.w.s.m.m.a.HttpEntityMethodProcessor  : Using 'application/json', given [application/json] and supported [application/json]
2021-08-30 14:34:16.552 DEBUG 1901 --- [http-nio-9221-exec-10] o.s.w.s.m.m.a.HttpEntityMethodProcessor  : Writing [CustomScannerServiceResult{findings=[], articles={}}]
2021-08-30 14:34:16.554 DEBUG 1901 --- [http-nio-9221-exec-10] o.s.web.servlet.DispatcherServlet        : Completed 200 OK
2021-08-30 14:34:21.976 DEBUG 1901 --- [http-nio-9221-exec-1] o.s.web.servlet.DispatcherServlet        : POST "/v1/scanFile", parameters={masked}
2021-08-30 14:34:21.980 DEBUG 1901 --- [http-nio-9221-exec-1] s.w.s.m.m.a.RequestMappingHandlerMapping : Mapped to com.hcl.appscan.customscannersservice.controller.CustomScannersController#runScanFile(MultipartFile, String, int[])
2021-08-30 14:34:22.018 DEBUG 1901 --- [http-nio-9221-exec-1] o.s.w.s.m.m.a.HttpEntityMethodProcessor  : Using 'application/json', given [application/json] and supported [application/json]
2021-08-30 14:34:22.018 DEBUG 1901 --- [http-nio-9221-exec-1] o.s.w.s.m.m.a.HttpEntityMethodProcessor  : Writing [CustomScannerServiceResult{findings=[], articles={}}]
2021-08-30 14:34:22.020 DEBUG 1901 --- [http-nio-9221-exec-1] o.s.web.servlet.DispatcherServlet        : Completed 200 OK
2021-08-30 14:35:18.668 DEBUG 1901 --- [http-nio-9221-exec-2] o.s.web.servlet.DispatcherServlet        : POST "/v1/scanFile", parameters={masked}
2021-08-30 14:35:18.673 DEBUG 1901 --- [http-nio-9221-exec-2] s.w.s.m.m.a.RequestMappingHandlerMapping : Mapped to com.hcl.appscan.customscannersservice.controller.CustomScannersController#runScanFile(MultipartFile, String, int[])
2021-08-30 14:35:18.712 DEBUG 1901 --- [http-nio-9221-exec-2] o.s.w.s.m.m.a.HttpEntityMethodProcessor  : Using 'application/json', given [application/json] and supported [application/json]
2021-08-30 14:35:18.712 DEBUG 1901 --- [http-nio-9221-exec-2] o.s.w.s.m.m.a.HttpEntityMethodProcessor  : Writing [CustomScannerServiceResult{findings=[], articles={}}]
2021-08-30 14:35:18.720 DEBUG 1901 --- [http-nio-9221-exec-2] o.s.web.servlet.DispatcherServlet        : Completed 200 OK
2021-08-30 14:35:49.976 DEBUG 1901 --- [http-nio-9221-exec-3] o.s.web.servlet.DispatcherServlet        : POST "/v1/scanFile", parameters={masked}
2021-08-30 14:35:49.977 DEBUG 1901 --- [http-nio-9221-exec-3] s.w.s.m.m.a.RequestMappingHandlerMapping : Mapped to com.hcl.appscan.customscannersservice.controller.CustomScannersController#runScanFile(MultipartFile, String, int[])
2021-08-30 14:35:50.030 DEBUG 1901 --- [http-nio-9221-exec-3] o.s.w.s.m.m.a.HttpEntityMethodProcessor  : Using 'application/json', given [application/json] and supported [application/json]
2021-08-30 14:35:50.034 DEBUG 1901 --- [http-nio-9221-exec-3] o.s.w.s.m.m.a.HttpEntityMethodProcessor  : Writing [CustomScannerServiceResult{findings=[], articles={}}]
2021-08-30 14:35:50.041 DEBUG 1901 --- [http-nio-9221-exec-3] o.s.web.servlet.DispatcherServlet        : Completed 200 OK
2021-08-30 14:36:00.132 DEBUG 1901 --- [http-nio-9221-exec-4] o.s.web.servlet.DispatcherServlet        : POST "/v1/scanFile", parameters={masked}
2021-08-30 14:36:00.134 DEBUG 1901 --- [http-nio-9221-exec-4] s.w.s.m.m.a.RequestMappingHandlerMapping : Mapped to com.hcl.appscan.customscannersservice.controller.CustomScannersController#runScanFile(MultipartFile, String, int[])
2021-08-30 14:36:00.175 DEBUG 1901 --- [http-nio-9221-exec-4] o.s.w.s.m.m.a.HttpEntityMethodProcessor  : Using 'application/json', given [application/json] and supported [application/json]
2021-08-30 14:36:00.176 DEBUG 1901 --- [http-nio-9221-exec-4] o.s.w.s.m.m.a.HttpEntityMethodProcessor  : Writing [CustomScannerServiceResult{findings=[], articles={}}]
2021-08-30 14:36:00.187 DEBUG 1901 --- [http-nio-9221-exec-4] o.s.web.servlet.DispatcherServlet        : Completed 200 OK
2021-08-30 14:36:57.206 DEBUG 1901 --- [http-nio-9221-exec-5] o.s.web.servlet.DispatcherServlet        : POST "/v1/scanFile", parameters={masked}
2021-08-30 14:36:57.207 DEBUG 1901 --- [http-nio-9221-exec-5] s.w.s.m.m.a.RequestMappingHandlerMapping : Mapped to com.hcl.appscan.customscannersservice.controller.CustomScannersController#runScanFile(MultipartFile, String, int[])
2021-08-30 14:36:57.250 DEBUG 1901 --- [http-nio-9221-exec-5] o.s.w.s.m.m.a.HttpEntityMethodProcessor  : Using 'application/json', given [application/json] and supported [application/json]
2021-08-30 14:36:57.250 DEBUG 1901 --- [http-nio-9221-exec-5] o.s.w.s.m.m.a.HttpEntityMethodProcessor  : Writing [CustomScannerServiceResult{findings=[], articles={}}]
2021-08-30 14:36:57.264 DEBUG 1901 --- [http-nio-9221-exec-5] o.s.web.servlet.DispatcherServlet        : Completed 200 OK
2021-08-30 14:42:04.965 DEBUG 1901 --- [http-nio-9221-exec-6] o.s.web.servlet.DispatcherServlet        : POST "/v1/scanFile", parameters={masked}
2021-08-30 14:42:04.968 DEBUG 1901 --- [http-nio-9221-exec-6] s.w.s.m.m.a.RequestMappingHandlerMapping : Mapped to com.hcl.appscan.customscannersservice.controller.CustomScannersController#runScanFile(MultipartFile, String, int[])
2021-08-30 14:42:04.993 DEBUG 1901 --- [http-nio-9221-exec-6] .m.m.a.ExceptionHandlerExceptionResolver : Using @ExceptionHandler com.hcl.appscan.customscannersservice.controller.CustomScannersControllerAdvice#handleInvalidArgument(IllegalArgumentException)
2021-08-30 14:42:05.004 DEBUG 1901 --- [http-nio-9221-exec-6] o.s.w.s.m.m.a.HttpEntityMethodProcessor  : Using 'application/json', given [application/json] and supported [application/json, application/*+json, application/json, application/*+json]
2021-08-30 14:42:05.005 DEBUG 1901 --- [http-nio-9221-exec-6] o.s.w.s.m.m.a.HttpEntityMethodProcessor  : Writing [com.hcl.appscan.customscannersservice.controller.CustomScannersControllerAdvice$ErrorMessage@79aba4e (truncated)...]
2021-08-30 14:42:05.008 DEBUG 1901 --- [http-nio-9221-exec-6] .m.m.a.ExceptionHandlerExceptionResolver : Resolved [java.lang.IllegalArgumentException: L'extension de fichier suivante n'est pas prise en charge : env]
2021-08-30 14:42:05.009 DEBUG 1901 --- [http-nio-9221-exec-6] o.s.web.servlet.DispatcherServlet        : Completed 422 UNPROCESSABLE_ENTITY
2021-08-30 14:47:31.711 DEBUG 1901 --- [http-nio-9221-exec-7] o.s.web.servlet.DispatcherServlet        : POST "/v1/scanFile", parameters={masked}
2021-08-30 14:47:31.712 DEBUG 1901 --- [http-nio-9221-exec-7] s.w.s.m.m.a.RequestMappingHandlerMapping : Mapped to com.hcl.appscan.customscannersservice.controller.CustomScannersController#runScanFile(MultipartFile, String, int[])
2021-08-30 14:47:31.722 DEBUG 1901 --- [http-nio-9221-exec-7] o.s.w.s.m.m.a.HttpEntityMethodProcessor  : Using 'application/json', given [application/json] and supported [application/json]
2021-08-30 14:47:31.723 DEBUG 1901 --- [http-nio-9221-exec-7] o.s.w.s.m.m.a.HttpEntityMethodProcessor  : Writing [CustomScannerServiceResult{findings=[], articles={}}]
2021-08-30 14:47:31.724 DEBUG 1901 --- [http-nio-9221-exec-7] o.s.web.servlet.DispatcherServlet        : Completed 200 OK
2021-08-30 14:47:33.550 DEBUG 1901 --- [http-nio-9221-exec-8] o.s.web.servlet.DispatcherServlet        : POST "/v1/scanFile", parameters={masked}
2021-08-30 14:47:33.551 DEBUG 1901 --- [http-nio-9221-exec-8] s.w.s.m.m.a.RequestMappingHandlerMapping : Mapped to com.hcl.appscan.customscannersservice.controller.CustomScannersController#runScanFile(MultipartFile, String, int[])
2021-08-30 14:47:33.602 DEBUG 1901 --- [http-nio-9221-exec-8] o.s.w.s.m.m.a.HttpEntityMethodProcessor  : Using 'application/json', given [application/json] and supported [application/json]
2021-08-30 14:47:33.603 DEBUG 1901 --- [http-nio-9221-exec-8] o.s.w.s.m.m.a.HttpEntityMethodProcessor  : Writing [CustomScannerServiceResult{findings=[], articles={}}]
2021-08-30 14:47:33.607 DEBUG 1901 --- [http-nio-9221-exec-8] o.s.web.servlet.DispatcherServlet        : Completed 200 OK
2021-08-30 15:07:04.459 DEBUG 1901 --- [http-nio-9221-exec-9] o.s.web.servlet.DispatcherServlet        : POST "/v1/scanFile", parameters={masked}
2021-08-30 15:07:04.461 DEBUG 1901 --- [http-nio-9221-exec-9] s.w.s.m.m.a.RequestMappingHandlerMapping : Mapped to com.hcl.appscan.customscannersservice.controller.CustomScannersController#runScanFile(MultipartFile, String, int[])
2021-08-30 15:07:04.508 DEBUG 1901 --- [http-nio-9221-exec-9] o.s.w.s.m.m.a.HttpEntityMethodProcessor  : Using 'application/json', given [application/json] and supported [application/json]
2021-08-30 15:07:04.508 DEBUG 1901 --- [http-nio-9221-exec-9] o.s.w.s.m.m.a.HttpEntityMethodProcessor  : Writing [CustomScannerServiceResult{findings=[], articles={}}]
2021-08-30 15:07:04.509 DEBUG 1901 --- [http-nio-9221-exec-9] o.s.web.servlet.DispatcherServlet        : Completed 200 OK
2021-08-30 15:15:08.054 DEBUG 1901 --- [http-nio-9221-exec-10] o.s.web.servlet.DispatcherServlet        : POST "/v1/scanFile", parameters={masked}
2021-08-30 15:15:08.055 DEBUG 1901 --- [http-nio-9221-exec-10] s.w.s.m.m.a.RequestMappingHandlerMapping : Mapped to com.hcl.appscan.customscannersservice.controller.CustomScannersController#runScanFile(MultipartFile, String, int[])
2021-08-30 15:15:08.067 DEBUG 1901 --- [http-nio-9221-exec-10] o.s.w.s.m.m.a.HttpEntityMethodProcessor  : Using 'application/json', given [application/json] and supported [application/json]
2021-08-30 15:15:08.067 DEBUG 1901 --- [http-nio-9221-exec-10] o.s.w.s.m.m.a.HttpEntityMethodProcessor  : Writing [CustomScannerServiceResult{findings=[], articles={}}]
2021-08-30 15:15:08.069 DEBUG 1901 --- [http-nio-9221-exec-10] o.s.web.servlet.DispatcherServlet        : Completed 200 OK
2021-08-30 15:15:30.188 DEBUG 1901 --- [http-nio-9221-exec-1] o.s.web.servlet.DispatcherServlet        : POST "/v1/scanFile", parameters={masked}
2021-08-30 15:15:30.190 DEBUG 1901 --- [http-nio-9221-exec-1] s.w.s.m.m.a.RequestMappingHandlerMapping : Mapped to com.hcl.appscan.customscannersservice.controller.CustomScannersController#runScanFile(MultipartFile, String, int[])
2021-08-30 15:15:30.202 DEBUG 1901 --- [http-nio-9221-exec-1] o.s.w.s.m.m.a.HttpEntityMethodProcessor  : Using 'application/json', given [application/json] and supported [application/json]
2021-08-30 15:15:30.203 DEBUG 1901 --- [http-nio-9221-exec-1] o.s.w.s.m.m.a.HttpEntityMethodProcessor  : Writing [CustomScannerServiceResult{findings=[], articles={}}]
2021-08-30 15:15:30.206 DEBUG 1901 --- [http-nio-9221-exec-1] o.s.web.servlet.DispatcherServlet        : Completed 200 OK
2021-08-30 15:15:31.785 DEBUG 1901 --- [http-nio-9221-exec-2] o.s.web.servlet.DispatcherServlet        : POST "/v1/scanFile", parameters={masked}
2021-08-30 15:15:31.787 DEBUG 1901 --- [http-nio-9221-exec-2] s.w.s.m.m.a.RequestMappingHandlerMapping : Mapped to com.hcl.appscan.customscannersservice.controller.CustomScannersController#runScanFile(MultipartFile, String, int[])
2021-08-30 15:15:31.790 DEBUG 1901 --- [http-nio-9221-exec-2] o.s.w.s.m.m.a.HttpEntityMethodProcessor  : Using 'application/json', given [application/json] and supported [application/json]
2021-08-30 15:15:31.790 DEBUG 1901 --- [http-nio-9221-exec-2] o.s.w.s.m.m.a.HttpEntityMethodProcessor  : Writing [CustomScannerServiceResult{findings=[], articles={}}]
2021-08-30 15:15:31.793 DEBUG 1901 --- [http-nio-9221-exec-2] o.s.web.servlet.DispatcherServlet        : Completed 200 OK
2021-08-30 15:21:41.484 DEBUG 1901 --- [http-nio-9221-exec-3] o.s.web.servlet.DispatcherServlet        : POST "/v1/scanFile", parameters={masked}
2021-08-30 15:21:41.494 DEBUG 1901 --- [http-nio-9221-exec-3] s.w.s.m.m.a.RequestMappingHandlerMapping : Mapped to com.hcl.appscan.customscannersservice.controller.CustomScannersController#runScanFile(MultipartFile, String, int[])
2021-08-30 15:21:41.555 DEBUG 1901 --- [http-nio-9221-exec-3] o.s.w.s.m.m.a.HttpEntityMethodProcessor  : Using 'application/json', given [application/json] and supported [application/json]
2021-08-30 15:21:41.556 DEBUG 1901 --- [http-nio-9221-exec-3] o.s.w.s.m.m.a.HttpEntityMethodProcessor  : Writing [CustomScannerServiceResult{findings=[], articles={}}]
2021-08-30 15:21:41.557 DEBUG 1901 --- [http-nio-9221-exec-3] o.s.web.servlet.DispatcherServlet        : Completed 200 OK
2021-08-30 15:21:41.566 DEBUG 1901 --- [http-nio-9221-exec-4] o.s.web.servlet.DispatcherServlet        : POST "/v1/scanFile", parameters={masked}
2021-08-30 15:21:41.567 DEBUG 1901 --- [http-nio-9221-exec-4] s.w.s.m.m.a.RequestMappingHandlerMapping : Mapped to com.hcl.appscan.customscannersservice.controller.CustomScannersController#runScanFile(MultipartFile, String, int[])
2021-08-30 15:21:41.570 DEBUG 1901 --- [http-nio-9221-exec-4] o.s.w.s.m.m.a.HttpEntityMethodProcessor  : Using 'application/json', given [application/json] and supported [application/json]
2021-08-30 15:21:41.570 DEBUG 1901 --- [http-nio-9221-exec-4] o.s.w.s.m.m.a.HttpEntityMethodProcessor  : Writing [CustomScannerServiceResult{findings=[], articles={}}]
2021-08-30 15:21:41.571 DEBUG 1901 --- [http-nio-9221-exec-4] o.s.web.servlet.DispatcherServlet        : Completed 200 OK
2021-08-30 15:22:17.253 DEBUG 1901 --- [http-nio-9221-exec-5] o.s.web.servlet.DispatcherServlet        : POST "/v1/scanFile", parameters={masked}
2021-08-30 15:22:17.254 DEBUG 1901 --- [http-nio-9221-exec-5] s.w.s.m.m.a.RequestMappingHandlerMapping : Mapped to com.hcl.appscan.customscannersservice.controller.CustomScannersController#runScanFile(MultipartFile, String, int[])
2021-08-30 15:22:17.320 DEBUG 1901 --- [http-nio-9221-exec-5] o.s.w.s.m.m.a.HttpEntityMethodProcessor  : Using 'application/json', given [application/json] and supported [application/json]
2021-08-30 15:22:17.321 DEBUG 1901 --- [http-nio-9221-exec-5] o.s.w.s.m.m.a.HttpEntityMethodProcessor  : Writing [CustomScannerServiceResult{findings=[], articles={}}]
2021-08-30 15:22:17.324 DEBUG 1901 --- [http-nio-9221-exec-5] o.s.web.servlet.DispatcherServlet        : Completed 200 OK
2021-08-30 15:23:45.767 DEBUG 1901 --- [http-nio-9221-exec-6] o.s.web.servlet.DispatcherServlet        : POST "/v1/scanFile", parameters={masked}
2021-08-30 15:23:45.770 DEBUG 1901 --- [http-nio-9221-exec-6] s.w.s.m.m.a.RequestMappingHandlerMapping : Mapped to com.hcl.appscan.customscannersservice.controller.CustomScannersController#runScanFile(MultipartFile, String, int[])
2021-08-30 15:23:45.783 DEBUG 1901 --- [http-nio-9221-exec-6] o.s.w.s.m.m.a.HttpEntityMethodProcessor  : Using 'application/json', given [application/json] and supported [application/json]
2021-08-30 15:23:45.783 DEBUG 1901 --- [http-nio-9221-exec-6] o.s.w.s.m.m.a.HttpEntityMethodProcessor  : Writing [CustomScannerServiceResult{findings=[], articles={}}]
2021-08-30 15:23:45.785 DEBUG 1901 --- [http-nio-9221-exec-6] o.s.web.servlet.DispatcherServlet        : Completed 200 OK
2021-08-30 15:23:59.503 DEBUG 1901 --- [http-nio-9221-exec-7] o.s.web.servlet.DispatcherServlet        : POST "/v1/scanFile", parameters={masked}
2021-08-30 15:23:59.505 DEBUG 1901 --- [http-nio-9221-exec-7] s.w.s.m.m.a.RequestMappingHandlerMapping : Mapped to com.hcl.appscan.customscannersservice.controller.CustomScannersController#runScanFile(MultipartFile, String, int[])
2021-08-30 15:23:59.513 DEBUG 1901 --- [http-nio-9221-exec-7] o.s.w.s.m.m.a.HttpEntityMethodProcessor  : Using 'application/json', given [application/json] and supported [application/json]
2021-08-30 15:23:59.513 DEBUG 1901 --- [http-nio-9221-exec-7] o.s.w.s.m.m.a.HttpEntityMethodProcessor  : Writing [CustomScannerServiceResult{findings=[], articles={}}]
2021-08-30 15:23:59.514 DEBUG 1901 --- [http-nio-9221-exec-7] o.s.web.servlet.DispatcherServlet        : Completed 200 OK
2021-08-30 15:24:29.752 DEBUG 1901 --- [http-nio-9221-exec-8] o.s.web.servlet.DispatcherServlet        : POST "/v1/scanFile", parameters={masked}
2021-08-30 15:24:29.753 DEBUG 1901 --- [http-nio-9221-exec-8] s.w.s.m.m.a.RequestMappingHandlerMapping : Mapped to com.hcl.appscan.customscannersservice.controller.CustomScannersController#runScanFile(MultipartFile, String, int[])
2021-08-30 15:24:29.757 DEBUG 1901 --- [http-nio-9221-exec-8] o.s.w.s.m.m.a.HttpEntityMethodProcessor  : Using 'application/json', given [application/json] and supported [application/json]
2021-08-30 15:24:29.758 DEBUG 1901 --- [http-nio-9221-exec-8] o.s.w.s.m.m.a.HttpEntityMethodProcessor  : Writing [CustomScannerServiceResult{findings=[], articles={}}]
2021-08-30 15:24:29.760 DEBUG 1901 --- [http-nio-9221-exec-8] o.s.web.servlet.DispatcherServlet        : Completed 200 OK
2021-08-30 15:27:27.720 DEBUG 1901 --- [http-nio-9221-exec-9] o.s.web.servlet.DispatcherServlet        : POST "/v1/scanFile", parameters={masked}
2021-08-30 15:27:27.723 DEBUG 1901 --- [http-nio-9221-exec-9] s.w.s.m.m.a.RequestMappingHandlerMapping : Mapped to com.hcl.appscan.customscannersservice.controller.CustomScannersController#runScanFile(MultipartFile, String, int[])
2021-08-30 15:27:27.726 DEBUG 1901 --- [http-nio-9221-exec-9] o.s.w.s.m.m.a.HttpEntityMethodProcessor  : Using 'application/json', given [application/json] and supported [application/json]
2021-08-30 15:27:27.726 DEBUG 1901 --- [http-nio-9221-exec-9] o.s.w.s.m.m.a.HttpEntityMethodProcessor  : Writing [CustomScannerServiceResult{findings=[], articles={}}]
2021-08-30 15:27:27.732 DEBUG 1901 --- [http-nio-9221-exec-9] o.s.web.servlet.DispatcherServlet        : Completed 200 OK
2021-08-30 15:37:49.052 DEBUG 1901 --- [http-nio-9221-exec-10] o.s.web.servlet.DispatcherServlet        : POST "/v1/scanFile", parameters={masked}
2021-08-30 15:37:49.054 DEBUG 1901 --- [http-nio-9221-exec-10] s.w.s.m.m.a.RequestMappingHandlerMapping : Mapped to com.hcl.appscan.customscannersservice.controller.CustomScannersController#runScanFile(MultipartFile, String, int[])
2021-08-30 15:37:49.095 DEBUG 1901 --- [http-nio-9221-exec-10] o.s.w.s.m.m.a.HttpEntityMethodProcessor  : Using 'application/json', given [application/json] and supported [application/json]
2021-08-30 15:37:49.095 DEBUG 1901 --- [http-nio-9221-exec-10] o.s.w.s.m.m.a.HttpEntityMethodProcessor  : Writing [CustomScannerServiceResult{findings=[], articles={}}]
2021-08-30 15:37:49.096 DEBUG 1901 --- [http-nio-9221-exec-10] o.s.web.servlet.DispatcherServlet        : Completed 200 OK
2021-08-30 15:37:51.177 DEBUG 1901 --- [http-nio-9221-exec-1] o.s.web.servlet.DispatcherServlet        : POST "/v1/scanFile", parameters={masked}
2021-08-30 15:37:51.178 DEBUG 1901 --- [http-nio-9221-exec-1] s.w.s.m.m.a.RequestMappingHandlerMapping : Mapped to com.hcl.appscan.customscannersservice.controller.CustomScannersController#runScanFile(MultipartFile, String, int[])
2021-08-30 15:37:51.226 DEBUG 1901 --- [http-nio-9221-exec-1] o.s.w.s.m.m.a.HttpEntityMethodProcessor  : Using 'application/json', given [application/json] and supported [application/json]
2021-08-30 15:37:51.227 DEBUG 1901 --- [http-nio-9221-exec-1] o.s.w.s.m.m.a.HttpEntityMethodProcessor  : Writing [CustomScannerServiceResult{findings=[], articles={}}]
2021-08-30 15:37:51.229 DEBUG 1901 --- [http-nio-9221-exec-1] o.s.web.servlet.DispatcherServlet        : Completed 200 OK
2021-08-30 15:38:23.578 DEBUG 1901 --- [http-nio-9221-exec-2] o.s.web.servlet.DispatcherServlet        : POST "/v1/scanFile", parameters={masked}
2021-08-30 15:38:23.579 DEBUG 1901 --- [http-nio-9221-exec-2] s.w.s.m.m.a.RequestMappingHandlerMapping : Mapped to com.hcl.appscan.customscannersservice.controller.CustomScannersController#runScanFile(MultipartFile, String, int[])
2021-08-30 15:38:23.618 DEBUG 1901 --- [http-nio-9221-exec-2] o.s.w.s.m.m.a.HttpEntityMethodProcessor  : Using 'application/json', given [application/json] and supported [application/json]
2021-08-30 15:38:23.619 DEBUG 1901 --- [http-nio-9221-exec-2] o.s.w.s.m.m.a.HttpEntityMethodProcessor  : Writing [CustomScannerServiceResult{findings=[], articles={}}]
2021-08-30 15:38:23.620 DEBUG 1901 --- [http-nio-9221-exec-2] o.s.web.servlet.DispatcherServlet        : Completed 200 OK
2021-08-30 15:44:24.120 DEBUG 1901 --- [http-nio-9221-exec-3] o.s.web.servlet.DispatcherServlet        : POST "/v1/scanFile", parameters={masked}
2021-08-30 15:44:24.121 DEBUG 1901 --- [http-nio-9221-exec-3] s.w.s.m.m.a.RequestMappingHandlerMapping : Mapped to com.hcl.appscan.customscannersservice.controller.CustomScannersController#runScanFile(MultipartFile, String, int[])
2021-08-30 15:44:24.164 DEBUG 1901 --- [http-nio-9221-exec-3] o.s.w.s.m.m.a.HttpEntityMethodProcessor  : Using 'application/json', given [application/json] and supported [application/json]
2021-08-30 15:44:24.165 DEBUG 1901 --- [http-nio-9221-exec-3] o.s.w.s.m.m.a.HttpEntityMethodProcessor  : Writing [CustomScannerServiceResult{findings=[], articles={}}]
2021-08-30 15:44:24.167 DEBUG 1901 --- [http-nio-9221-exec-3] o.s.web.servlet.DispatcherServlet        : Completed 200 OK
2021-08-30 15:46:30.093 DEBUG 1901 --- [http-nio-9221-exec-4] o.s.web.servlet.DispatcherServlet        : POST "/v1/scanFile", parameters={masked}
2021-08-30 15:46:30.095 DEBUG 1901 --- [http-nio-9221-exec-4] s.w.s.m.m.a.RequestMappingHandlerMapping : Mapped to com.hcl.appscan.customscannersservice.controller.CustomScannersController#runScanFile(MultipartFile, String, int[])
2021-08-30 15:46:30.144 DEBUG 1901 --- [http-nio-9221-exec-4] o.s.w.s.m.m.a.HttpEntityMethodProcessor  : Using 'application/json', given [application/json] and supported [application/json]
2021-08-30 15:46:30.144 DEBUG 1901 --- [http-nio-9221-exec-4] o.s.w.s.m.m.a.HttpEntityMethodProcessor  : Writing [CustomScannerServiceResult{findings=[], articles={}}]
2021-08-30 15:46:30.145 DEBUG 1901 --- [http-nio-9221-exec-4] o.s.web.servlet.DispatcherServlet        : Completed 200 OK
2021-08-30 15:46:54.248 DEBUG 1901 --- [http-nio-9221-exec-5] o.s.web.servlet.DispatcherServlet        : POST "/v1/scanFile", parameters={masked}
2021-08-30 15:46:54.248 DEBUG 1901 --- [http-nio-9221-exec-5] s.w.s.m.m.a.RequestMappingHandlerMapping : Mapped to com.hcl.appscan.customscannersservice.controller.CustomScannersController#runScanFile(MultipartFile, String, int[])
2021-08-30 15:46:54.325 DEBUG 1901 --- [http-nio-9221-exec-5] o.s.w.s.m.m.a.HttpEntityMethodProcessor  : Using 'application/json', given [application/json] and supported [application/json]
2021-08-30 15:46:54.326 DEBUG 1901 --- [http-nio-9221-exec-5] o.s.w.s.m.m.a.HttpEntityMethodProcessor  : Writing [CustomScannerServiceResult{findings=[], articles={}}]
2021-08-30 15:46:54.330 DEBUG 1901 --- [http-nio-9221-exec-5] o.s.web.servlet.DispatcherServlet        : Completed 200 OK
2021-08-30 15:47:46.998 DEBUG 1901 --- [http-nio-9221-exec-6] o.s.web.servlet.DispatcherServlet        : POST "/v1/scanFile", parameters={masked}
2021-08-30 15:47:47.000 DEBUG 1901 --- [http-nio-9221-exec-6] s.w.s.m.m.a.RequestMappingHandlerMapping : Mapped to com.hcl.appscan.customscannersservice.controller.CustomScannersController#runScanFile(MultipartFile, String, int[])
2021-08-30 15:47:47.044 DEBUG 1901 --- [http-nio-9221-exec-6] o.s.w.s.m.m.a.HttpEntityMethodProcessor  : Using 'application/json', given [application/json] and supported [application/json]
2021-08-30 15:47:47.044 DEBUG 1901 --- [http-nio-9221-exec-6] o.s.w.s.m.m.a.HttpEntityMethodProcessor  : Writing [CustomScannerServiceResult{findings=[], articles={}}]
2021-08-30 15:47:47.051 DEBUG 1901 --- [http-nio-9221-exec-6] o.s.web.servlet.DispatcherServlet        : Completed 200 OK
2021-08-30 15:48:26.593 DEBUG 1901 --- [http-nio-9221-exec-7] o.s.web.servlet.DispatcherServlet        : POST "/v1/scanFile", parameters={masked}
2021-08-30 15:48:26.594 DEBUG 1901 --- [http-nio-9221-exec-7] s.w.s.m.m.a.RequestMappingHandlerMapping : Mapped to com.hcl.appscan.customscannersservice.controller.CustomScannersController#runScanFile(MultipartFile, String, int[])
2021-08-30 15:48:26.603 DEBUG 1901 --- [http-nio-9221-exec-7] o.s.w.s.m.m.a.HttpEntityMethodProcessor  : Using 'application/json', given [application/json] and supported [application/json]
2021-08-30 15:48:26.604 DEBUG 1901 --- [http-nio-9221-exec-7] o.s.w.s.m.m.a.HttpEntityMethodProcessor  : Writing [CustomScannerServiceResult{findings=[], articles={}}]
2021-08-30 15:48:26.605 DEBUG 1901 --- [http-nio-9221-exec-7] o.s.web.servlet.DispatcherServlet        : Completed 200 OK
2021-08-30 15:48:42.070 DEBUG 1901 --- [http-nio-9221-exec-8] o.s.web.servlet.DispatcherServlet        : POST "/v1/scanFile", parameters={masked}
2021-08-30 15:48:42.072 DEBUG 1901 --- [http-nio-9221-exec-8] s.w.s.m.m.a.RequestMappingHandlerMapping : Mapped to com.hcl.appscan.customscannersservice.controller.CustomScannersController#runScanFile(MultipartFile, String, int[])
2021-08-30 15:48:42.082 DEBUG 1901 --- [http-nio-9221-exec-8] o.s.w.s.m.m.a.HttpEntityMethodProcessor  : Using 'application/json', given [application/json] and supported [application/json]
2021-08-30 15:48:42.082 DEBUG 1901 --- [http-nio-9221-exec-8] o.s.w.s.m.m.a.HttpEntityMethodProcessor  : Writing [CustomScannerServiceResult{findings=[], articles={}}]
2021-08-30 15:48:42.084 DEBUG 1901 --- [http-nio-9221-exec-8] o.s.web.servlet.DispatcherServlet        : Completed 200 OK
2021-08-30 15:49:04.317 DEBUG 1901 --- [http-nio-9221-exec-9] o.s.web.servlet.DispatcherServlet        : POST "/v1/scanFile", parameters={masked}
2021-08-30 15:49:04.318 DEBUG 1901 --- [http-nio-9221-exec-9] s.w.s.m.m.a.RequestMappingHandlerMapping : Mapped to com.hcl.appscan.customscannersservice.controller.CustomScannersController#runScanFile(MultipartFile, String, int[])
2021-08-30 15:49:04.331 DEBUG 1901 --- [http-nio-9221-exec-9] o.s.w.s.m.m.a.HttpEntityMethodProcessor  : Using 'application/json', given [application/json] and supported [application/json]
2021-08-30 15:49:04.331 DEBUG 1901 --- [http-nio-9221-exec-9] o.s.w.s.m.m.a.HttpEntityMethodProcessor  : Writing [CustomScannerServiceResult{findings=[], articles={}}]
2021-08-30 15:49:04.332 DEBUG 1901 --- [http-nio-9221-exec-9] o.s.web.servlet.DispatcherServlet        : Completed 200 OK
2021-08-30 15:49:34.372 DEBUG 1901 --- [http-nio-9221-exec-10] o.s.web.servlet.DispatcherServlet        : POST "/v1/scanFile", parameters={masked}
2021-08-30 15:49:34.373 DEBUG 1901 --- [http-nio-9221-exec-10] s.w.s.m.m.a.RequestMappingHandlerMapping : Mapped to com.hcl.appscan.customscannersservice.controller.CustomScannersController#runScanFile(MultipartFile, String, int[])
2021-08-30 15:49:34.385 DEBUG 1901 --- [http-nio-9221-exec-10] o.s.w.s.m.m.a.HttpEntityMethodProcessor  : Using 'application/json', given [application/json] and supported [application/json]
2021-08-30 15:49:34.386 DEBUG 1901 --- [http-nio-9221-exec-10] o.s.w.s.m.m.a.HttpEntityMethodProcessor  : Writing [CustomScannerServiceResult{findings=[], articles={}}]
2021-08-30 15:49:34.387 DEBUG 1901 --- [http-nio-9221-exec-10] o.s.web.servlet.DispatcherServlet        : Completed 200 OK
2021-08-30 15:50:33.001 DEBUG 1901 --- [http-nio-9221-exec-1] o.s.web.servlet.DispatcherServlet        : POST "/v1/scanFile", parameters={masked}
2021-08-30 15:50:33.002 DEBUG 1901 --- [http-nio-9221-exec-1] s.w.s.m.m.a.RequestMappingHandlerMapping : Mapped to com.hcl.appscan.customscannersservice.controller.CustomScannersController#runScanFile(MultipartFile, String, int[])
2021-08-30 15:50:33.013 DEBUG 1901 --- [http-nio-9221-exec-1] o.s.w.s.m.m.a.HttpEntityMethodProcessor  : Using 'application/json', given [application/json] and supported [application/json]
2021-08-30 15:50:33.013 DEBUG 1901 --- [http-nio-9221-exec-1] o.s.w.s.m.m.a.HttpEntityMethodProcessor  : Writing [CustomScannerServiceResult{findings=[], articles={}}]
2021-08-30 15:50:33.016 DEBUG 1901 --- [http-nio-9221-exec-1] o.s.web.servlet.DispatcherServlet        : Completed 200 OK
2021-08-30 15:50:57.910 DEBUG 1901 --- [http-nio-9221-exec-2] o.s.web.servlet.DispatcherServlet        : POST "/v1/scanFile", parameters={masked}
2021-08-30 15:50:57.911 DEBUG 1901 --- [http-nio-9221-exec-2] s.w.s.m.m.a.RequestMappingHandlerMapping : Mapped to com.hcl.appscan.customscannersservice.controller.CustomScannersController#runScanFile(MultipartFile, String, int[])
2021-08-30 15:50:57.916 DEBUG 1901 --- [http-nio-9221-exec-2] o.s.w.s.m.m.a.HttpEntityMethodProcessor  : Using 'application/json', given [application/json] and supported [application/json]
2021-08-30 15:50:57.917 DEBUG 1901 --- [http-nio-9221-exec-2] o.s.w.s.m.m.a.HttpEntityMethodProcessor  : Writing [CustomScannerServiceResult{findings=[], articles={}}]
2021-08-30 15:50:57.918 DEBUG 1901 --- [http-nio-9221-exec-2] o.s.web.servlet.DispatcherServlet        : Completed 200 OK
2021-08-30 15:52:06.190 DEBUG 1901 --- [http-nio-9221-exec-3] o.s.web.servlet.DispatcherServlet        : POST "/v1/scanFile", parameters={masked}
2021-08-30 15:52:06.190 DEBUG 1901 --- [http-nio-9221-exec-3] s.w.s.m.m.a.RequestMappingHandlerMapping : Mapped to com.hcl.appscan.customscannersservice.controller.CustomScannersController#runScanFile(MultipartFile, String, int[])
2021-08-30 15:52:06.242 DEBUG 1901 --- [http-nio-9221-exec-3] o.s.w.s.m.m.a.HttpEntityMethodProcessor  : Using 'application/json', given [application/json] and supported [application/json]
2021-08-30 15:52:06.242 DEBUG 1901 --- [http-nio-9221-exec-3] o.s.w.s.m.m.a.HttpEntityMethodProcessor  : Writing [CustomScannerServiceResult{findings=[], articles={}}]
2021-08-30 15:52:06.244 DEBUG 1901 --- [http-nio-9221-exec-3] o.s.web.servlet.DispatcherServlet        : Completed 200 OK
2021-08-30 15:54:24.384 DEBUG 1901 --- [http-nio-9221-exec-4] o.s.web.servlet.DispatcherServlet        : POST "/v1/scanFile", parameters={masked}
2021-08-30 15:54:24.385 DEBUG 1901 --- [http-nio-9221-exec-4] s.w.s.m.m.a.RequestMappingHandlerMapping : Mapped to com.hcl.appscan.customscannersservice.controller.CustomScannersController#runScanFile(MultipartFile, String, int[])
2021-08-30 15:54:24.390 DEBUG 1901 --- [http-nio-9221-exec-4] o.s.w.s.m.m.a.HttpEntityMethodProcessor  : Using 'application/json', given [application/json] and supported [application/json]
2021-08-30 15:54:24.390 DEBUG 1901 --- [http-nio-9221-exec-4] o.s.w.s.m.m.a.HttpEntityMethodProcessor  : Writing [CustomScannerServiceResult{findings=[], articles={}}]
2021-08-30 15:54:24.391 DEBUG 1901 --- [http-nio-9221-exec-4] o.s.web.servlet.DispatcherServlet        : Completed 200 OK
2021-08-30 15:54:31.648 DEBUG 1901 --- [http-nio-9221-exec-5] o.s.web.servlet.DispatcherServlet        : POST "/v1/scanFile", parameters={masked}
2021-08-30 15:54:31.649 DEBUG 1901 --- [http-nio-9221-exec-5] s.w.s.m.m.a.RequestMappingHandlerMapping : Mapped to com.hcl.appscan.customscannersservice.controller.CustomScannersController#runScanFile(MultipartFile, String, int[])
2021-08-30 15:54:31.699 DEBUG 1901 --- [http-nio-9221-exec-5] o.s.w.s.m.m.a.HttpEntityMethodProcessor  : Using 'application/json', given [application/json] and supported [application/json]
2021-08-30 15:54:31.699 DEBUG 1901 --- [http-nio-9221-exec-5] o.s.w.s.m.m.a.HttpEntityMethodProcessor  : Writing [CustomScannerServiceResult{findings=[], articles={}}]
2021-08-30 15:54:31.701 DEBUG 1901 --- [http-nio-9221-exec-5] o.s.web.servlet.DispatcherServlet        : Completed 200 OK
2021-08-30 15:58:17.522 DEBUG 1901 --- [http-nio-9221-exec-6] o.s.web.servlet.DispatcherServlet        : POST "/v1/scanFile", parameters={masked}
2021-08-30 15:58:17.523 DEBUG 1901 --- [http-nio-9221-exec-6] s.w.s.m.m.a.RequestMappingHandlerMapping : Mapped to com.hcl.appscan.customscannersservice.controller.CustomScannersController#runScanFile(MultipartFile, String, int[])
2021-08-30 15:58:17.569 DEBUG 1901 --- [http-nio-9221-exec-6] o.s.w.s.m.m.a.HttpEntityMethodProcessor  : Using 'application/json', given [application/json] and supported [application/json]
2021-08-30 15:58:17.569 DEBUG 1901 --- [http-nio-9221-exec-6] o.s.w.s.m.m.a.HttpEntityMethodProcessor  : Writing [CustomScannerServiceResult{findings=[], articles={}}]
2021-08-30 15:58:17.572 DEBUG 1901 --- [http-nio-9221-exec-6] o.s.web.servlet.DispatcherServlet        : Completed 200 OK
2021-08-30 16:01:33.073 DEBUG 1901 --- [http-nio-9221-exec-7] o.s.web.servlet.DispatcherServlet        : POST "/v1/scanFile", parameters={masked}
2021-08-30 16:01:33.075 DEBUG 1901 --- [http-nio-9221-exec-7] s.w.s.m.m.a.RequestMappingHandlerMapping : Mapped to com.hcl.appscan.customscannersservice.controller.CustomScannersController#runScanFile(MultipartFile, String, int[])
2021-08-30 16:01:33.121 DEBUG 1901 --- [http-nio-9221-exec-7] o.s.w.s.m.m.a.HttpEntityMethodProcessor  : Using 'application/json', given [application/json] and supported [application/json]
2021-08-30 16:01:33.122 DEBUG 1901 --- [http-nio-9221-exec-7] o.s.w.s.m.m.a.HttpEntityMethodProcessor  : Writing [CustomScannerServiceResult{findings=[], articles={}}]
2021-08-30 16:01:33.123 DEBUG 1901 --- [http-nio-9221-exec-7] o.s.web.servlet.DispatcherServlet        : Completed 200 OK
2021-08-30 16:04:49.921 DEBUG 1901 --- [http-nio-9221-exec-8] o.s.web.servlet.DispatcherServlet        : POST "/v1/scanFile", parameters={masked}
2021-08-30 16:04:49.922 DEBUG 1901 --- [http-nio-9221-exec-8] s.w.s.m.m.a.RequestMappingHandlerMapping : Mapped to com.hcl.appscan.customscannersservice.controller.CustomScannersController#runScanFile(MultipartFile, String, int[])
2021-08-30 16:04:49.977 DEBUG 1901 --- [http-nio-9221-exec-8] o.s.w.s.m.m.a.HttpEntityMethodProcessor  : Using 'application/json', given [application/json] and supported [application/json]
2021-08-30 16:04:49.977 DEBUG 1901 --- [http-nio-9221-exec-8] o.s.w.s.m.m.a.HttpEntityMethodProcessor  : Writing [CustomScannerServiceResult{findings=[], articles={}}]
2021-08-30 16:04:49.978 DEBUG 1901 --- [http-nio-9221-exec-8] o.s.web.servlet.DispatcherServlet        : Completed 200 OK
2021-08-30 16:05:17.402 DEBUG 1901 --- [http-nio-9221-exec-9] o.s.web.servlet.DispatcherServlet        : POST "/v1/scanFile", parameters={masked}
2021-08-30 16:05:17.403 DEBUG 1901 --- [http-nio-9221-exec-9] s.w.s.m.m.a.RequestMappingHandlerMapping : Mapped to com.hcl.appscan.customscannersservice.controller.CustomScannersController#runScanFile(MultipartFile, String, int[])
2021-08-30 16:05:17.454 DEBUG 1901 --- [http-nio-9221-exec-9] o.s.w.s.m.m.a.HttpEntityMethodProcessor  : Using 'application/json', given [application/json] and supported [application/json]
2021-08-30 16:05:17.454 DEBUG 1901 --- [http-nio-9221-exec-9] o.s.w.s.m.m.a.HttpEntityMethodProcessor  : Writing [CustomScannerServiceResult{findings=[], articles={}}]
2021-08-30 16:05:17.456 DEBUG 1901 --- [http-nio-9221-exec-9] o.s.web.servlet.DispatcherServlet        : Completed 200 OK
2021-08-30 16:05:20.370 DEBUG 1901 --- [http-nio-9221-exec-10] o.s.web.servlet.DispatcherServlet        : POST "/v1/scanFile", parameters={masked}
2021-08-30 16:05:20.371 DEBUG 1901 --- [http-nio-9221-exec-10] s.w.s.m.m.a.RequestMappingHandlerMapping : Mapped to com.hcl.appscan.customscannersservice.controller.CustomScannersController#runScanFile(MultipartFile, String, int[])
2021-08-30 16:05:20.454 DEBUG 1901 --- [http-nio-9221-exec-10] o.s.w.s.m.m.a.HttpEntityMethodProcessor  : Using 'application/json', given [application/json] and supported [application/json]
2021-08-30 16:05:20.455 DEBUG 1901 --- [http-nio-9221-exec-10] o.s.w.s.m.m.a.HttpEntityMethodProcessor  : Writing [CustomScannerServiceResult{findings=[], articles={}}]
2021-08-30 16:05:20.458 DEBUG 1901 --- [http-nio-9221-exec-10] o.s.web.servlet.DispatcherServlet        : Completed 200 OK
2021-08-30 16:07:07.325 DEBUG 1901 --- [http-nio-9221-exec-1] o.s.web.servlet.DispatcherServlet        : POST "/v1/scanFile", parameters={masked}
2021-08-30 16:07:07.325 DEBUG 1901 --- [http-nio-9221-exec-1] s.w.s.m.m.a.RequestMappingHandlerMapping : Mapped to com.hcl.appscan.customscannersservice.controller.CustomScannersController#runScanFile(MultipartFile, String, int[])
2021-08-30 16:07:07.375 DEBUG 1901 --- [http-nio-9221-exec-1] o.s.w.s.m.m.a.HttpEntityMethodProcessor  : Using 'application/json', given [application/json] and supported [application/json]
2021-08-30 16:07:07.375 DEBUG 1901 --- [http-nio-9221-exec-1] o.s.w.s.m.m.a.HttpEntityMethodProcessor  : Writing [CustomScannerServiceResult{findings=[], articles={}}]
2021-08-30 16:07:07.376 DEBUG 1901 --- [http-nio-9221-exec-1] o.s.web.servlet.DispatcherServlet        : Completed 200 OK
2021-08-30 16:07:07.763 DEBUG 1901 --- [http-nio-9221-exec-2] o.s.web.servlet.DispatcherServlet        : POST "/v1/scanFile", parameters={masked}
2021-08-30 16:07:07.764 DEBUG 1901 --- [http-nio-9221-exec-2] s.w.s.m.m.a.RequestMappingHandlerMapping : Mapped to com.hcl.appscan.customscannersservice.controller.CustomScannersController#runScanFile(MultipartFile, String, int[])
2021-08-30 16:07:07.859 DEBUG 1901 --- [http-nio-9221-exec-2] o.s.w.s.m.m.a.HttpEntityMethodProcessor  : Using 'application/json', given [application/json] and supported [application/json]
2021-08-30 16:07:07.860 DEBUG 1901 --- [http-nio-9221-exec-2] o.s.w.s.m.m.a.HttpEntityMethodProcessor  : Writing [CustomScannerServiceResult{findings=[], articles={}}]
2021-08-30 16:07:07.864 DEBUG 1901 --- [http-nio-9221-exec-2] o.s.web.servlet.DispatcherServlet        : Completed 200 OK
2021-08-30 16:07:20.167 DEBUG 1901 --- [http-nio-9221-exec-3] o.s.web.servlet.DispatcherServlet        : POST "/v1/scanFile", parameters={masked}
2021-08-30 16:07:20.168 DEBUG 1901 --- [http-nio-9221-exec-3] s.w.s.m.m.a.RequestMappingHandlerMapping : Mapped to com.hcl.appscan.customscannersservice.controller.CustomScannersController#runScanFile(MultipartFile, String, int[])
2021-08-30 16:07:20.215 DEBUG 1901 --- [http-nio-9221-exec-3] o.s.w.s.m.m.a.HttpEntityMethodProcessor  : Using 'application/json', given [application/json] and supported [application/json]
2021-08-30 16:07:20.215 DEBUG 1901 --- [http-nio-9221-exec-3] o.s.w.s.m.m.a.HttpEntityMethodProcessor  : Writing [CustomScannerServiceResult{findings=[], articles={}}]
2021-08-30 16:07:20.219 DEBUG 1901 --- [http-nio-9221-exec-3] o.s.web.servlet.DispatcherServlet        : Completed 200 OK
2021-08-30 16:07:36.966 DEBUG 1901 --- [http-nio-9221-exec-4] o.s.web.servlet.DispatcherServlet        : POST "/v1/scanFile", parameters={masked}
2021-08-30 16:07:36.967 DEBUG 1901 --- [http-nio-9221-exec-4] s.w.s.m.m.a.RequestMappingHandlerMapping : Mapped to com.hcl.appscan.customscannersservice.controller.CustomScannersController#runScanFile(MultipartFile, String, int[])
2021-08-30 16:07:37.037 DEBUG 1901 --- [http-nio-9221-exec-4] o.s.w.s.m.m.a.HttpEntityMethodProcessor  : Using 'application/json', given [application/json] and supported [application/json]
2021-08-30 16:07:37.037 DEBUG 1901 --- [http-nio-9221-exec-4] o.s.w.s.m.m.a.HttpEntityMethodProcessor  : Writing [CustomScannerServiceResult{findings=[], articles={}}]
2021-08-30 16:07:37.038 DEBUG 1901 --- [http-nio-9221-exec-4] o.s.web.servlet.DispatcherServlet        : Completed 200 OK
2021-08-30 16:12:40.030 DEBUG 1901 --- [http-nio-9221-exec-5] o.s.web.servlet.DispatcherServlet        : POST "/v1/scanFile", parameters={masked}
2021-08-30 16:12:40.031 DEBUG 1901 --- [http-nio-9221-exec-5] s.w.s.m.m.a.RequestMappingHandlerMapping : Mapped to com.hcl.appscan.customscannersservice.controller.CustomScannersController#runScanFile(MultipartFile, String, int[])
2021-08-30 16:12:40.082 DEBUG 1901 --- [http-nio-9221-exec-5] o.s.w.s.m.m.a.HttpEntityMethodProcessor  : Using 'application/json', given [application/json] and supported [application/json]
2021-08-30 16:12:40.082 DEBUG 1901 --- [http-nio-9221-exec-5] o.s.w.s.m.m.a.HttpEntityMethodProcessor  : Writing [CustomScannerServiceResult{findings=[], articles={}}]
2021-08-30 16:12:40.083 DEBUG 1901 --- [http-nio-9221-exec-5] o.s.web.servlet.DispatcherServlet        : Completed 200 OK
2021-08-30 16:14:44.079 DEBUG 1901 --- [http-nio-9221-exec-6] o.s.web.servlet.DispatcherServlet        : POST "/v1/scanFile", parameters={masked}
2021-08-30 16:14:44.080 DEBUG 1901 --- [http-nio-9221-exec-6] s.w.s.m.m.a.RequestMappingHandlerMapping : Mapped to com.hcl.appscan.customscannersservice.controller.CustomScannersController#runScanFile(MultipartFile, String, int[])
2021-08-30 16:14:44.128 DEBUG 1901 --- [http-nio-9221-exec-6] o.s.w.s.m.m.a.HttpEntityMethodProcessor  : Using 'application/json', given [application/json] and supported [application/json]
2021-08-30 16:14:44.129 DEBUG 1901 --- [http-nio-9221-exec-6] o.s.w.s.m.m.a.HttpEntityMethodProcessor  : Writing [CustomScannerServiceResult{findings=[], articles={}}]
2021-08-30 16:14:44.130 DEBUG 1901 --- [http-nio-9221-exec-6] o.s.web.servlet.DispatcherServlet        : Completed 200 OK
2021-08-30 16:15:05.134 DEBUG 1901 --- [http-nio-9221-exec-7] o.s.web.servlet.DispatcherServlet        : POST "/v1/scanFile", parameters={masked}
2021-08-30 16:15:05.134 DEBUG 1901 --- [http-nio-9221-exec-7] s.w.s.m.m.a.RequestMappingHandlerMapping : Mapped to com.hcl.appscan.customscannersservice.controller.CustomScannersController#runScanFile(MultipartFile, String, int[])
2021-08-30 16:15:05.187 DEBUG 1901 --- [http-nio-9221-exec-7] o.s.w.s.m.m.a.HttpEntityMethodProcessor  : Using 'application/json', given [application/json] and supported [application/json]
2021-08-30 16:15:05.188 DEBUG 1901 --- [http-nio-9221-exec-7] o.s.w.s.m.m.a.HttpEntityMethodProcessor  : Writing [CustomScannerServiceResult{findings=[], articles={}}]
2021-08-30 16:15:05.189 DEBUG 1901 --- [http-nio-9221-exec-7] o.s.web.servlet.DispatcherServlet        : Completed 200 OK
2021-08-30 16:15:14.072 DEBUG 1901 --- [http-nio-9221-exec-8] o.s.web.servlet.DispatcherServlet        : POST "/v1/scanFile", parameters={masked}
2021-08-30 16:15:14.073 DEBUG 1901 --- [http-nio-9221-exec-8] s.w.s.m.m.a.RequestMappingHandlerMapping : Mapped to com.hcl.appscan.customscannersservice.controller.CustomScannersController#runScanFile(MultipartFile, String, int[])
2021-08-30 16:15:14.126 DEBUG 1901 --- [http-nio-9221-exec-8] o.s.w.s.m.m.a.HttpEntityMethodProcessor  : Using 'application/json', given [application/json] and supported [application/json]
2021-08-30 16:15:14.126 DEBUG 1901 --- [http-nio-9221-exec-8] o.s.w.s.m.m.a.HttpEntityMethodProcessor  : Writing [CustomScannerServiceResult{findings=[], articles={}}]
2021-08-30 16:15:14.128 DEBUG 1901 --- [http-nio-9221-exec-8] o.s.web.servlet.DispatcherServlet        : Completed 200 OK
2021-08-30 16:15:56.798 DEBUG 1901 --- [http-nio-9221-exec-9] o.s.web.servlet.DispatcherServlet        : POST "/v1/scanFile", parameters={masked}
2021-08-30 16:15:56.799 DEBUG 1901 --- [http-nio-9221-exec-9] s.w.s.m.m.a.RequestMappingHandlerMapping : Mapped to com.hcl.appscan.customscannersservice.controller.CustomScannersController#runScanFile(MultipartFile, String, int[])
2021-08-30 16:15:56.868 DEBUG 1901 --- [http-nio-9221-exec-9] o.s.w.s.m.m.a.HttpEntityMethodProcessor  : Using 'application/json', given [application/json] and supported [application/json]
2021-08-30 16:15:56.869 DEBUG 1901 --- [http-nio-9221-exec-9] o.s.w.s.m.m.a.HttpEntityMethodProcessor  : Writing [CustomScannerServiceResult{findings=[], articles={}}]
2021-08-30 16:15:56.870 DEBUG 1901 --- [http-nio-9221-exec-9] o.s.web.servlet.DispatcherServlet        : Completed 200 OK
2021-08-30 16:15:57.249 DEBUG 1901 --- [http-nio-9221-exec-10] o.s.web.servlet.DispatcherServlet        : POST "/v1/scanFile", parameters={masked}
2021-08-30 16:15:57.250 DEBUG 1901 --- [http-nio-9221-exec-10] s.w.s.m.m.a.RequestMappingHandlerMapping : Mapped to com.hcl.appscan.customscannersservice.controller.CustomScannersController#runScanFile(MultipartFile, String, int[])
2021-08-30 16:15:57.309 DEBUG 1901 --- [http-nio-9221-exec-10] o.s.w.s.m.m.a.HttpEntityMethodProcessor  : Using 'application/json', given [application/json] and supported [application/json]
2021-08-30 16:15:57.309 DEBUG 1901 --- [http-nio-9221-exec-10] o.s.w.s.m.m.a.HttpEntityMethodProcessor  : Writing [CustomScannerServiceResult{findings=[], articles={}}]
2021-08-30 16:15:57.310 DEBUG 1901 --- [http-nio-9221-exec-10] o.s.web.servlet.DispatcherServlet        : Completed 200 OK
2021-08-30 16:16:06.414 DEBUG 1901 --- [http-nio-9221-exec-1] o.s.web.servlet.DispatcherServlet        : POST "/v1/scanFile", parameters={masked}
2021-08-30 16:16:06.415 DEBUG 1901 --- [http-nio-9221-exec-1] s.w.s.m.m.a.RequestMappingHandlerMapping : Mapped to com.hcl.appscan.customscannersservice.controller.CustomScannersController#runScanFile(MultipartFile, String, int[])
2021-08-30 16:16:06.484 DEBUG 1901 --- [http-nio-9221-exec-1] o.s.w.s.m.m.a.HttpEntityMethodProcessor  : Using 'application/json', given [application/json] and supported [application/json]
2021-08-30 16:16:06.484 DEBUG 1901 --- [http-nio-9221-exec-1] o.s.w.s.m.m.a.HttpEntityMethodProcessor  : Writing [CustomScannerServiceResult{findings=[], articles={}}]
2021-08-30 16:16:06.485 DEBUG 1901 --- [http-nio-9221-exec-1] o.s.web.servlet.DispatcherServlet        : Completed 200 OK
2021-08-30 16:16:41.828 DEBUG 1901 --- [http-nio-9221-exec-2] o.s.web.servlet.DispatcherServlet        : POST "/v1/scanFile", parameters={masked}
2021-08-30 16:16:41.829 DEBUG 1901 --- [http-nio-9221-exec-2] s.w.s.m.m.a.RequestMappingHandlerMapping : Mapped to com.hcl.appscan.customscannersservice.controller.CustomScannersController#runScanFile(MultipartFile, String, int[])
2021-08-30 16:16:41.896 DEBUG 1901 --- [http-nio-9221-exec-2] o.s.w.s.m.m.a.HttpEntityMethodProcessor  : Using 'application/json', given [application/json] and supported [application/json]
2021-08-30 16:16:41.897 DEBUG 1901 --- [http-nio-9221-exec-2] o.s.w.s.m.m.a.HttpEntityMethodProcessor  : Writing [CustomScannerServiceResult{findings=[], articles={}}]
2021-08-30 16:16:41.898 DEBUG 1901 --- [http-nio-9221-exec-2] o.s.web.servlet.DispatcherServlet        : Completed 200 OK
2021-08-30 16:17:24.856 DEBUG 1901 --- [http-nio-9221-exec-3] o.s.web.servlet.DispatcherServlet        : POST "/v1/scanFile", parameters={masked}
2021-08-30 16:17:24.857 DEBUG 1901 --- [http-nio-9221-exec-3] s.w.s.m.m.a.RequestMappingHandlerMapping : Mapped to com.hcl.appscan.customscannersservice.controller.CustomScannersController#runScanFile(MultipartFile, String, int[])
2021-08-30 16:17:24.879 DEBUG 1901 --- [http-nio-9221-exec-3] o.s.w.s.m.m.a.HttpEntityMethodProcessor  : Using 'application/json', given [application/json] and supported [application/json]
2021-08-30 16:17:24.879 DEBUG 1901 --- [http-nio-9221-exec-3] o.s.w.s.m.m.a.HttpEntityMethodProcessor  : Writing [CustomScannerServiceResult{findings=[], articles={}}]
2021-08-30 16:17:24.881 DEBUG 1901 --- [http-nio-9221-exec-3] o.s.web.servlet.DispatcherServlet        : Completed 200 OK
2021-08-30 16:17:36.780 DEBUG 1901 --- [http-nio-9221-exec-4] o.s.web.servlet.DispatcherServlet        : POST "/v1/scanFile", parameters={masked}
2021-08-30 16:17:36.781 DEBUG 1901 --- [http-nio-9221-exec-4] s.w.s.m.m.a.RequestMappingHandlerMapping : Mapped to com.hcl.appscan.customscannersservice.controller.CustomScannersController#runScanFile(MultipartFile, String, int[])
2021-08-30 16:17:36.817 DEBUG 1901 --- [http-nio-9221-exec-4] o.s.w.s.m.m.a.HttpEntityMethodProcessor  : Using 'application/json', given [application/json] and supported [application/json]
2021-08-30 16:17:36.818 DEBUG 1901 --- [http-nio-9221-exec-4] o.s.w.s.m.m.a.HttpEntityMethodProcessor  : Writing [CustomScannerServiceResult{findings=[], articles={}}]
2021-08-30 16:17:36.827 DEBUG 1901 --- [http-nio-9221-exec-4] o.s.web.servlet.DispatcherServlet        : Completed 200 OK
2021-08-30 16:17:48.486 DEBUG 1901 --- [http-nio-9221-exec-5] o.s.web.servlet.DispatcherServlet        : POST "/v1/scanFile", parameters={masked}
2021-08-30 16:17:48.487 DEBUG 1901 --- [http-nio-9221-exec-5] s.w.s.m.m.a.RequestMappingHandlerMapping : Mapped to com.hcl.appscan.customscannersservice.controller.CustomScannersController#runScanFile(MultipartFile, String, int[])
2021-08-30 16:17:48.543 DEBUG 1901 --- [http-nio-9221-exec-5] o.s.w.s.m.m.a.HttpEntityMethodProcessor  : Using 'application/json', given [application/json] and supported [application/json]
2021-08-30 16:17:48.543 DEBUG 1901 --- [http-nio-9221-exec-5] o.s.w.s.m.m.a.HttpEntityMethodProcessor  : Writing [CustomScannerServiceResult{findings=[], articles={}}]
2021-08-30 16:17:48.544 DEBUG 1901 --- [http-nio-9221-exec-5] o.s.web.servlet.DispatcherServlet        : Completed 200 OK
2021-08-30 16:24:47.385 DEBUG 1901 --- [http-nio-9221-exec-6] o.s.web.servlet.DispatcherServlet        : POST "/v1/scanFile", parameters={masked}
2021-08-30 16:24:47.386 DEBUG 1901 --- [http-nio-9221-exec-6] s.w.s.m.m.a.RequestMappingHandlerMapping : Mapped to com.hcl.appscan.customscannersservice.controller.CustomScannersController#runScanFile(MultipartFile, String, int[])
2021-08-30 16:24:47.435 DEBUG 1901 --- [http-nio-9221-exec-6] o.s.w.s.m.m.a.HttpEntityMethodProcessor  : Using 'application/json', given [application/json] and supported [application/json]
2021-08-30 16:24:47.436 DEBUG 1901 --- [http-nio-9221-exec-6] o.s.w.s.m.m.a.HttpEntityMethodProcessor  : Writing [CustomScannerServiceResult{findings=[], articles={}}]
2021-08-30 16:24:47.437 DEBUG 1901 --- [http-nio-9221-exec-6] o.s.web.servlet.DispatcherServlet        : Completed 200 OK
2021-08-30 16:24:55.724 DEBUG 1901 --- [http-nio-9221-exec-7] o.s.web.servlet.DispatcherServlet        : POST "/v1/scanFile", parameters={masked}
2021-08-30 16:24:55.724 DEBUG 1901 --- [http-nio-9221-exec-7] s.w.s.m.m.a.RequestMappingHandlerMapping : Mapped to com.hcl.appscan.customscannersservice.controller.CustomScannersController#runScanFile(MultipartFile, String, int[])
2021-08-30 16:24:55.776 DEBUG 1901 --- [http-nio-9221-exec-7] o.s.w.s.m.m.a.HttpEntityMethodProcessor  : Using 'application/json', given [application/json] and supported [application/json]
2021-08-30 16:24:55.776 DEBUG 1901 --- [http-nio-9221-exec-7] o.s.w.s.m.m.a.HttpEntityMethodProcessor  : Writing [CustomScannerServiceResult{findings=[], articles={}}]
2021-08-30 16:24:55.777 DEBUG 1901 --- [http-nio-9221-exec-7] o.s.web.servlet.DispatcherServlet        : Completed 200 OK
2021-08-30 16:25:04.900 DEBUG 1901 --- [http-nio-9221-exec-8] o.s.web.servlet.DispatcherServlet        : POST "/v1/scanFile", parameters={masked}
2021-08-30 16:25:04.900 DEBUG 1901 --- [http-nio-9221-exec-8] s.w.s.m.m.a.RequestMappingHandlerMapping : Mapped to com.hcl.appscan.customscannersservice.controller.CustomScannersController#runScanFile(MultipartFile, String, int[])
2021-08-30 16:25:04.954 DEBUG 1901 --- [http-nio-9221-exec-8] o.s.w.s.m.m.a.HttpEntityMethodProcessor  : Using 'application/json', given [application/json] and supported [application/json]
2021-08-30 16:25:04.954 DEBUG 1901 --- [http-nio-9221-exec-8] o.s.w.s.m.m.a.HttpEntityMethodProcessor  : Writing [CustomScannerServiceResult{findings=[], articles={}}]
2021-08-30 16:25:04.955 DEBUG 1901 --- [http-nio-9221-exec-8] o.s.web.servlet.DispatcherServlet        : Completed 200 OK
2021-08-30 16:25:10.678 DEBUG 1901 --- [http-nio-9221-exec-9] o.s.web.servlet.DispatcherServlet        : POST "/v1/scanFile", parameters={masked}
2021-08-30 16:25:10.679 DEBUG 1901 --- [http-nio-9221-exec-9] s.w.s.m.m.a.RequestMappingHandlerMapping : Mapped to com.hcl.appscan.customscannersservice.controller.CustomScannersController#runScanFile(MultipartFile, String, int[])
2021-08-30 16:25:10.728 DEBUG 1901 --- [http-nio-9221-exec-9] o.s.w.s.m.m.a.HttpEntityMethodProcessor  : Using 'application/json', given [application/json] and supported [application/json]
2021-08-30 16:25:10.728 DEBUG 1901 --- [http-nio-9221-exec-9] o.s.w.s.m.m.a.HttpEntityMethodProcessor  : Writing [CustomScannerServiceResult{findings=[], articles={}}]
2021-08-30 16:25:10.729 DEBUG 1901 --- [http-nio-9221-exec-9] o.s.web.servlet.DispatcherServlet        : Completed 200 OK
2021-08-30 16:25:31.116 DEBUG 1901 --- [http-nio-9221-exec-10] o.s.web.servlet.DispatcherServlet        : POST "/v1/scanFile", parameters={masked}
2021-08-30 16:25:31.117 DEBUG 1901 --- [http-nio-9221-exec-10] s.w.s.m.m.a.RequestMappingHandlerMapping : Mapped to com.hcl.appscan.customscannersservice.controller.CustomScannersController#runScanFile(MultipartFile, String, int[])
2021-08-30 16:25:31.204 DEBUG 1901 --- [http-nio-9221-exec-10] o.s.w.s.m.m.a.HttpEntityMethodProcessor  : Using 'application/json', given [application/json] and supported [application/json]
2021-08-30 16:25:31.205 DEBUG 1901 --- [http-nio-9221-exec-10] o.s.w.s.m.m.a.HttpEntityMethodProcessor  : Writing [CustomScannerServiceResult{findings=[], articles={}}]
2021-08-30 16:25:31.206 DEBUG 1901 --- [http-nio-9221-exec-10] o.s.web.servlet.DispatcherServlet        : Completed 200 OK
2021-08-30 16:26:05.651 DEBUG 1901 --- [http-nio-9221-exec-1] o.s.web.servlet.DispatcherServlet        : POST "/v1/scanFile", parameters={masked}
2021-08-30 16:26:05.652 DEBUG 1901 --- [http-nio-9221-exec-1] s.w.s.m.m.a.RequestMappingHandlerMapping : Mapped to com.hcl.appscan.customscannersservice.controller.CustomScannersController#runScanFile(MultipartFile, String, int[])
2021-08-30 16:26:05.706 DEBUG 1901 --- [http-nio-9221-exec-1] o.s.w.s.m.m.a.HttpEntityMethodProcessor  : Using 'application/json', given [application/json] and supported [application/json]
2021-08-30 16:26:05.706 DEBUG 1901 --- [http-nio-9221-exec-1] o.s.w.s.m.m.a.HttpEntityMethodProcessor  : Writing [CustomScannerServiceResult{findings=[], articles={}}]
2021-08-30 16:26:05.707 DEBUG 1901 --- [http-nio-9221-exec-1] o.s.web.servlet.DispatcherServlet        : Completed 200 OK
2021-08-30 16:26:16.402 DEBUG 1901 --- [http-nio-9221-exec-2] o.s.web.servlet.DispatcherServlet        : POST "/v1/scanFile", parameters={masked}
2021-08-30 16:26:16.403 DEBUG 1901 --- [http-nio-9221-exec-2] s.w.s.m.m.a.RequestMappingHandlerMapping : Mapped to com.hcl.appscan.customscannersservice.controller.CustomScannersController#runScanFile(MultipartFile, String, int[])
2021-08-30 16:26:16.474 DEBUG 1901 --- [http-nio-9221-exec-2] o.s.w.s.m.m.a.HttpEntityMethodProcessor  : Using 'application/json', given [application/json] and supported [application/json]
2021-08-30 16:26:16.475 DEBUG 1901 --- [http-nio-9221-exec-2] o.s.w.s.m.m.a.HttpEntityMethodProcessor  : Writing [CustomScannerServiceResult{findings=[], articles={}}]
2021-08-30 16:26:16.475 DEBUG 1901 --- [http-nio-9221-exec-2] o.s.web.servlet.DispatcherServlet        : Completed 200 OK
